# JRE version: OpenJDK Runtime Environment (Zulu 8.52.0.23-CA-win64) (8.0_282-b08) (build 1.8.0_282-b08)
# Java VM: OpenJDK 64-Bit Server VM (25.282-b08 mixed mode windows-amd64 compressed oops)
Heap:
 PSYoungGen      total 305664K, used 112614K [0x00000000d5580000, 0x00000000f4f00000, 0x0000000100000000)
  eden space 262144K, 38% used [0x00000000d5580000,0x00000000db6d7958,0x00000000e5580000)
  from space 43520K, 29% used [0x00000000e5580000,0x00000000e62220d8,0x00000000e8000000)
  to   space 43520K, 0% used [0x00000000f2480000,0x00000000f2480000,0x00000000f4f00000)
 ParOldGen       total 344064K, used 8667K [0x0000000080000000, 0x0000000095000000, 0x00000000d5580000)
  object space 344064K, 2% used [0x0000000080000000,0x0000000080876dc8,0x0000000095000000)
 Metaspace       used 30410K, capacity 31328K, committed 31616K, reserved 1077248K
  class space    used 3604K, capacity 3845K, committed 3968K, reserved 1048576K
GC Heap History (8 events):
Event: 6.451 GC heap before
{Heap before GC invocations=1 (full 0):
 PSYoungGen      total 305664K, used 262144K [0x00000000d5580000, 0x00000000eaa80000, 0x0000000100000000)
  eden space 262144K, 100% used [0x00000000d5580000,0x00000000e5580000,0x00000000e5580000)
  from space 43520K, 0% used [0x00000000e8000000,0x00000000e8000000,0x00000000eaa80000)
  to   space 43520K, 0% used [0x00000000e5580000,0x00000000e5580000,0x00000000e8000000)
 ParOldGen       total 699392K, used 0K [0x0000000080000000, 0x00000000aab00000, 0x00000000d5580000)
  object space 699392K, 0% used [0x0000000080000000,0x0000000080000000,0x00000000aab00000)
 Metaspace       used 20124K, capacity 20396K, committed 20864K, reserved 1067008K
  class space    used 2208K, capacity 2308K, committed 2432K, reserved 1048576K
Event: 6.476 GC heap after
Heap after GC invocations=1 (full 0):
 PSYoungGen      total 305664K, used 16178K [0x00000000d5580000, 0x00000000eaa80000, 0x0000000100000000)
  eden space 262144K, 0% used [0x00000000d5580000,0x00000000d5580000,0x00000000e5580000)
  from space 43520K, 37% used [0x00000000e5580000,0x00000000e654ca98,0x00000000e8000000)
  to   space 43520K, 0% used [0x00000000e8000000,0x00000000e8000000,0x00000000eaa80000)
 ParOldGen       total 699392K, used 88K [0x0000000080000000, 0x00000000aab00000, 0x00000000d5580000)
  object space 699392K, 0% used [0x0000000080000000,0x0000000080016010,0x00000000aab00000)
 Metaspace       used 20124K, capacity 20396K, committed 20864K, reserved 1067008K
  class space    used 2208K, capacity 2308K, committed 2432K, reserved 1048576K
}
Event: 6.901 GC heap before
{Heap before GC invocations=2 (full 0):
 PSYoungGen      total 305664K, used 46587K [0x00000000d5580000, 0x00000000eaa80000, 0x0000000100000000)
  eden space 262144K, 11% used [0x00000000d5580000,0x00000000d7332220,0x00000000e5580000)
  from space 43520K, 37% used [0x00000000e5580000,0x00000000e654ca98,0x00000000e8000000)
  to   space 43520K, 0% used [0x00000000e8000000,0x00000000e8000000,0x00000000eaa80000)
 ParOldGen       total 699392K, used 88K [0x0000000080000000, 0x00000000aab00000, 0x00000000d5580000)
  object space 699392K, 0% used [0x0000000080000000,0x0000000080016010,0x00000000aab00000)
 Metaspace       used 20903K, capacity 21104K, committed 21296K, reserved 1069056K
  class space    used 2302K, capacity 2390K, committed 2432K, reserved 1048576K
Event: 6.921 GC heap after
Heap after GC invocations=2 (full 0):
 PSYoungGen      total 305664K, used 8882K [0x00000000d5580000, 0x00000000eaa80000, 0x0000000100000000)
  eden space 262144K, 0% used [0x00000000d5580000,0x00000000d5580000,0x00000000e5580000)
  from space 43520K, 20% used [0x00000000e8000000,0x00000000e88aca88,0x00000000eaa80000)
  to   space 43520K, 0% used [0x00000000e5580000,0x00000000e5580000,0x00000000e8000000)
 ParOldGen       total 699392K, used 96K [0x0000000080000000, 0x00000000aab00000, 0x00000000d5580000)
  object space 699392K, 0% used [0x0000000080000000,0x0000000080018010,0x00000000aab00000)
 Metaspace       used 20903K, capacity 21104K, committed 21296K, reserved 1069056K
  class space    used 2302K, capacity 2390K, committed 2432K, reserved 1048576K
}
Event: 6.921 GC heap before
{Heap before GC invocations=3 (full 1):
 PSYoungGen      total 305664K, used 8882K [0x00000000d5580000, 0x00000000eaa80000, 0x0000000100000000)
  eden space 262144K, 0% used [0x00000000d5580000,0x00000000d5580000,0x00000000e5580000)
  from space 43520K, 20% used [0x00000000e8000000,0x00000000e88aca88,0x00000000eaa80000)
  to   space 43520K, 0% used [0x00000000e5580000,0x00000000e5580000,0x00000000e8000000)
 ParOldGen       total 699392K, used 96K [0x0000000080000000, 0x00000000aab00000, 0x00000000d5580000)
  object space 699392K, 0% used [0x0000000080000000,0x0000000080018010,0x00000000aab00000)
 Metaspace       used 20903K, capacity 21104K, committed 21296K, reserved 1069056K
  class space    used 2302K, capacity 2390K, committed 2432K, reserved 1048576K
Event: 6.991 GC heap after
Heap after GC invocations=3 (full 1):
 PSYoungGen      total 305664K, used 0K [0x00000000d5580000, 0x00000000eaa80000, 0x0000000100000000)
  eden space 262144K, 0% used [0x00000000d5580000,0x00000000d5580000,0x00000000e5580000)
  from space 43520K, 0% used [0x00000000e8000000,0x00000000e8000000,0x00000000eaa80000)
  to   space 43520K, 0% used [0x00000000e5580000,0x00000000e5580000,0x00000000e8000000)
 ParOldGen       total 344064K, used 8659K [0x0000000080000000, 0x0000000095000000, 0x00000000d5580000)
  object space 344064K, 2% used [0x0000000080000000,0x0000000080874dc8,0x0000000095000000)
 Metaspace       used 20903K, capacity 21104K, committed 21296K, reserved 1069056K
  class space    used 2302K, capacity 2390K, committed 2432K, reserved 1048576K
}
Event: 11.404 GC heap before
{Heap before GC invocations=4 (full 1):
 PSYoungGen      total 305664K, used 262144K [0x00000000d5580000, 0x00000000eaa80000, 0x0000000100000000)
  eden space 262144K, 100% used [0x00000000d5580000,0x00000000e5580000,0x00000000e5580000)
  from space 43520K, 0% used [0x00000000e8000000,0x00000000e8000000,0x00000000eaa80000)
  to   space 43520K, 0% used [0x00000000e5580000,0x00000000e5580000,0x00000000e8000000)
 ParOldGen       total 344064K, used 8659K [0x0000000080000000, 0x0000000095000000, 0x00000000d5580000)
  object space 344064K, 2% used [0x0000000080000000,0x0000000080874dc8,0x0000000095000000)
 Metaspace       used 27812K, capacity 28384K, committed 28544K, reserved 1075200K
  class space    used 3214K, capacity 3405K, committed 3456K, reserved 1048576K
Event: 11.410 GC heap after
Heap after GC invocations=4 (full 1):
 PSYoungGen      total 305664K, used 12936K [0x00000000d5580000, 0x00000000f4f00000, 0x0000000100000000)
  eden space 262144K, 0% used [0x00000000d5580000,0x00000000d5580000,0x00000000e5580000)
  from space 43520K, 29% used [0x00000000e5580000,0x00000000e62220d8,0x00000000e8000000)
  to   space 43520K, 0% used [0x00000000f2480000,0x00000000f2480000,0x00000000f4f00000)
 ParOldGen       total 344064K, used 8667K [0x0000000080000000, 0x0000000095000000, 0x00000000d5580000)
  object space 344064K, 2% used [0x0000000080000000,0x0000000080876dc8,0x0000000095000000)
 Metaspace       used 27812K, capacity 28384K, committed 28544K, reserved 1075200K
  class space    used 3214K, capacity 3405K, committed 3456K, reserved 1048576K
}

